# JRE version: OpenJDK Runtime Environment Temurin-17.0.1+12 (17.0.1+12) (build 17.0.1+12)
# Java VM: OpenJDK 64-Bit Server VM Temurin-17.0.1+12 (17.0.1+12, mixed mode, tiered, compressed oops, compressed class ptrs, parallel gc, windows-amd64)
GC Precious Log:
 CPUs: 8 total, 8 available
 Memory: 32688M
 Large Page Support: Disabled
 NUMA Support: Disabled
 Compressed Oops: Enabled (32-bit)
 Alignments: Space 512K, Generation 512K, Heap 2M
 Heap Min Capacity: 100M
 Heap Initial Capacity: 100M
 Heap Max Capacity: 1G
 Pre-touch: Disabled
 Parallel Workers: 8
Heap:
 PSYoungGen      total 15360K, used 384K [0x00000000eab00000, 0x00000000ebb80000, 0x0000000100000000)
  eden space 14336K, 0% used [0x00000000eab00000,0x00000000eab00000,0x00000000eb900000)
  from space 1024K, 37% used [0x00000000eb980000,0x00000000eb9e0000,0x00000000eba80000)
  to   space 512K, 0% used [0x00000000ebb00000,0x00000000ebb00000,0x00000000ebb80000)
 ParOldGen       total 68608K, used 51736K [0x00000000c0000000, 0x00000000c4300000, 0x00000000eab00000)
  object space 68608K, 75% used [0x00000000c0000000,0x00000000c3286320,0x00000000c4300000)
 Metaspace       used 58890K, committed 59776K, reserved 1105920K
  class space    used 6267K, committed 6720K, reserved 1048576K
GC Heap History (20 events):
Event: 6.727 GC heap after
{Heap after GC invocations=34 (full 2):
 PSYoungGen      total 17408K, used 496K [0x00000000eab00000, 0x00000000ebe80000, 0x0000000100000000)
  eden space 16896K, 0% used [0x00000000eab00000,0x00000000eab00000,0x00000000ebb80000)
  from space 512K, 96% used [0x00000000ebd00000,0x00000000ebd7c010,0x00000000ebd80000)
  to   space 1536K, 0% used [0x00000000ebb80000,0x00000000ebb80000,0x00000000ebd00000)
 ParOldGen       total 68608K, used 45970K [0x00000000c0000000, 0x00000000c4300000, 0x00000000eab00000)
  object space 68608K, 67% used [0x00000000c0000000,0x00000000c2ce4b68,0x00000000c4300000)
 Metaspace       used 56579K, committed 57472K, reserved 1105920K
  class space    used 6075K, committed 6464K, reserved 1048576K
}
Event: 6.821 GC heap before
{Heap before GC invocations=35 (full 2):
 PSYoungGen      total 17408K, used 17392K [0x00000000eab00000, 0x00000000ebe80000, 0x0000000100000000)
  eden space 16896K, 100% used [0x00000000eab00000,0x00000000ebb80000,0x00000000ebb80000)
  from space 512K, 96% used [0x00000000ebd00000,0x00000000ebd7c010,0x00000000ebd80000)
  to   space 1536K, 0% used [0x00000000ebb80000,0x00000000ebb80000,0x00000000ebd00000)
 ParOldGen       total 68608K, used 45970K [0x00000000c0000000, 0x00000000c4300000, 0x00000000eab00000)
  object space 68608K, 67% used [0x00000000c0000000,0x00000000c2ce4b68,0x00000000c4300000)
 Metaspace       used 57193K, committed 58048K, reserved 1105920K
  class space    used 6122K, committed 6528K, reserved 1048576K
}
Event: 6.822 GC heap after
{Heap after GC invocations=35 (full 2):
 PSYoungGen      total 17920K, used 735K [0x00000000eab00000, 0x00000000ebd80000, 0x0000000100000000)
  eden space 16896K, 0% used [0x00000000eab00000,0x00000000eab00000,0x00000000ebb80000)
  from space 1024K, 71% used [0x00000000ebb80000,0x00000000ebc37e08,0x00000000ebc80000)
  to   space 1024K, 0% used [0x00000000ebc80000,0x00000000ebc80000,0x00000000ebd80000)
 ParOldGen       total 68608K, used 46485K [0x00000000c0000000, 0x00000000c4300000, 0x00000000eab00000)
  object space 68608K, 67% used [0x00000000c0000000,0x00000000c2d65488,0x00000000c4300000)
 Metaspace       used 57193K, committed 58048K, reserved 1105920K
  class space    used 6122K, committed 6528K, reserved 1048576K
}
Event: 6.855 GC heap before
{Heap before GC invocations=36 (full 2):
 PSYoungGen      total 17920K, used 17631K [0x00000000eab00000, 0x00000000ebd80000, 0x0000000100000000)
  eden space 16896K, 100% used [0x00000000eab00000,0x00000000ebb80000,0x00000000ebb80000)
  from space 1024K, 71% used [0x00000000ebb80000,0x00000000ebc37e08,0x00000000ebc80000)
  to   space 1024K, 0% used [0x00000000ebc80000,0x00000000ebc80000,0x00000000ebd80000)
 ParOldGen       total 68608K, used 46485K [0x00000000c0000000, 0x00000000c4300000, 0x00000000eab00000)
  object space 68608K, 67% used [0x00000000c0000000,0x00000000c2d65488,0x00000000c4300000)
 Metaspace       used 57279K, committed 58176K, reserved 1105920K
  class space    used 6125K, committed 6528K, reserved 1048576K
}
Event: 6.856 GC heap after
{Heap after GC invocations=36 (full 2):
 PSYoungGen      total 17408K, used 288K [0x00000000eab00000, 0x00000000ebd00000, 0x0000000100000000)
  eden space 16896K, 0% used [0x00000000eab00000,0x00000000eab00000,0x00000000ebb80000)
  from space 512K, 56% used [0x00000000ebc80000,0x00000000ebcc8000,0x00000000ebd00000)
  to   space 512K, 0% used [0x00000000ebc00000,0x00000000ebc00000,0x00000000ebc80000)
 ParOldGen       total 68608K, used 46888K [0x00000000c0000000, 0x00000000c4300000, 0x00000000eab00000)
  object space 68608K, 68% used [0x00000000c0000000,0x00000000c2dca150,0x00000000c4300000)
 Metaspace       used 57279K, committed 58176K, reserved 1105920K
  class space    used 6125K, committed 6528K, reserved 1048576K
}
Event: 6.872 GC heap before
{Heap before GC invocations=37 (full 2):
 PSYoungGen      total 17408K, used 17184K [0x00000000eab00000, 0x00000000ebd00000, 0x0000000100000000)
  eden space 16896K, 100% used [0x00000000eab00000,0x00000000ebb80000,0x00000000ebb80000)
  from space 512K, 56% used [0x00000000ebc80000,0x00000000ebcc8000,0x00000000ebd00000)
  to   space 512K, 0% used [0x00000000ebc00000,0x00000000ebc00000,0x00000000ebc80000)
 ParOldGen       total 68608K, used 46888K [0x00000000c0000000, 0x00000000c4300000, 0x00000000eab00000)
  object space 68608K, 68% used [0x00000000c0000000,0x00000000c2dca150,0x00000000c4300000)
 Metaspace       used 57301K, committed 58240K, reserved 1105920K
  class space    used 6125K, committed 6528K, reserved 1048576K
}
Event: 6.873 GC heap after
{Heap after GC invocations=37 (full 2):
 PSYoungGen      total 17408K, used 480K [0x00000000eab00000, 0x00000000ebd80000, 0x0000000100000000)
  eden space 16896K, 0% used [0x00000000eab00000,0x00000000eab00000,0x00000000ebb80000)
  from space 512K, 93% used [0x00000000ebc00000,0x00000000ebc78020,0x00000000ebc80000)
  to   space 1024K, 0% used [0x00000000ebc80000,0x00000000ebc80000,0x00000000ebd80000)
 ParOldGen       total 68608K, used 47040K [0x00000000c0000000, 0x00000000c4300000, 0x00000000eab00000)
  object space 68608K, 68% used [0x00000000c0000000,0x00000000c2df0150,0x00000000c4300000)
 Metaspace       used 57301K, committed 58240K, reserved 1105920K
  class space    used 6125K, committed 6528K, reserved 1048576K
}
Event: 6.958 GC heap before
{Heap before GC invocations=38 (full 2):
 PSYoungGen      total 17408K, used 17376K [0x00000000eab00000, 0x00000000ebd80000, 0x0000000100000000)
  eden space 16896K, 100% used [0x00000000eab00000,0x00000000ebb80000,0x00000000ebb80000)
  from space 512K, 93% used [0x00000000ebc00000,0x00000000ebc78020,0x00000000ebc80000)
  to   space 1024K, 0% used [0x00000000ebc80000,0x00000000ebc80000,0x00000000ebd80000)
 ParOldGen       total 68608K, used 47040K [0x00000000c0000000, 0x00000000c4300000, 0x00000000eab00000)
  object space 68608K, 68% used [0x00000000c0000000,0x00000000c2df0150,0x00000000c4300000)
 Metaspace       used 58227K, committed 59072K, reserved 1105920K
  class space    used 6222K, committed 6592K, reserved 1048576K
}
Event: 6.959 GC heap after
{Heap after GC invocations=38 (full 2):
 PSYoungGen      total 15360K, used 1023K [0x00000000eab00000, 0x00000000ec280000, 0x0000000100000000)
  eden space 14336K, 0% used [0x00000000eab00000,0x00000000eab00000,0x00000000eb900000)
  from space 1024K, 99% used [0x00000000ebc80000,0x00000000ebd7fc00,0x00000000ebd80000)
  to   space 3584K, 0% used [0x00000000eb900000,0x00000000eb900000,0x00000000ebc80000)
 ParOldGen       total 68608K, used 48967K [0x00000000c0000000, 0x00000000c4300000, 0x00000000eab00000)
  object space 68608K, 71% used [0x00000000c0000000,0x00000000c2fd1d88,0x00000000c4300000)
 Metaspace       used 58227K, committed 59072K, reserved 1105920K
  class space    used 6222K, committed 6592K, reserved 1048576K
}
Event: 6.990 GC heap before
{Heap before GC invocations=39 (full 2):
 PSYoungGen      total 15360K, used 15359K [0x00000000eab00000, 0x00000000ec280000, 0x0000000100000000)
  eden space 14336K, 100% used [0x00000000eab00000,0x00000000eb900000,0x00000000eb900000)
  from space 1024K, 99% used [0x00000000ebc80000,0x00000000ebd7fc00,0x00000000ebd80000)
  to   space 3584K, 0% used [0x00000000eb900000,0x00000000eb900000,0x00000000ebc80000)
 ParOldGen       total 68608K, used 48967K [0x00000000c0000000, 0x00000000c4300000, 0x00000000eab00000)
  object space 68608K, 71% used [0x00000000c0000000,0x00000000c2fd1d88,0x00000000c4300000)
 Metaspace       used 58313K, committed 59136K, reserved 1105920K
  class space    used 6226K, committed 6592K, reserved 1048576K
}
Event: 6.991 GC heap after
{Heap after GC invocations=39 (full 2):
 PSYoungGen      total 14848K, used 384K [0x00000000eab00000, 0x00000000ebd00000, 0x0000000100000000)
  eden space 14336K, 0% used [0x00000000eab00000,0x00000000eab00000,0x00000000eb900000)
  from space 512K, 75% used [0x00000000eb900000,0x00000000eb960000,0x00000000eb980000)
  to   space 1536K, 0% used [0x00000000ebb80000,0x00000000ebb80000,0x00000000ebd00000)
 ParOldGen       total 68608K, used 49992K [0x00000000c0000000, 0x00000000c4300000, 0x00000000eab00000)
  object space 68608K, 72% used [0x00000000c0000000,0x00000000c30d2320,0x00000000c4300000)
 Metaspace       used 58313K, committed 59136K, reserved 1105920K
  class space    used 6226K, committed 6592K, reserved 1048576K
}
Event: 7.006 GC heap before
{Heap before GC invocations=40 (full 2):
 PSYoungGen      total 14848K, used 14720K [0x00000000eab00000, 0x00000000ebd00000, 0x0000000100000000)
  eden space 14336K, 100% used [0x00000000eab00000,0x00000000eb900000,0x00000000eb900000)
  from space 512K, 75% used [0x00000000eb900000,0x00000000eb960000,0x00000000eb980000)
  to   space 1536K, 0% used [0x00000000ebb80000,0x00000000ebb80000,0x00000000ebd00000)
 ParOldGen       total 68608K, used 49992K [0x00000000c0000000, 0x00000000c4300000, 0x00000000eab00000)
  object space 68608K, 72% used [0x00000000c0000000,0x00000000c30d2320,0x00000000c4300000)
 Metaspace       used 58346K, committed 59200K, reserved 1105920K
  class space    used 6226K, committed 6592K, reserved 1048576K
}
Event: 7.006 GC heap after
{Heap after GC invocations=40 (full 2):
 PSYoungGen      total 14848K, used 384K [0x00000000eab00000, 0x00000000ebc00000, 0x0000000100000000)
  eden space 14336K, 0% used [0x00000000eab00000,0x00000000eab00000,0x00000000eb900000)
  from space 512K, 75% used [0x00000000ebb80000,0x00000000ebbe0000,0x00000000ebc00000)
  to   space 1024K, 0% used [0x00000000eba00000,0x00000000eba00000,0x00000000ebb00000)
 ParOldGen       total 68608K, used 50309K [0x00000000c0000000, 0x00000000c4300000, 0x00000000eab00000)
  object space 68608K, 73% used [0x00000000c0000000,0x00000000c3121540,0x00000000c4300000)
 Metaspace       used 58346K, committed 59200K, reserved 1105920K
  class space    used 6226K, committed 6592K, reserved 1048576K
}
Event: 7.078 GC heap before
{Heap before GC invocations=41 (full 2):
 PSYoungGen      total 14848K, used 14720K [0x00000000eab00000, 0x00000000ebc00000, 0x0000000100000000)
  eden space 14336K, 100% used [0x00000000eab00000,0x00000000eb900000,0x00000000eb900000)
  from space 512K, 75% used [0x00000000ebb80000,0x00000000ebbe0000,0x00000000ebc00000)
  to   space 1024K, 0% used [0x00000000eba00000,0x00000000eba00000,0x00000000ebb00000)
 ParOldGen       total 68608K, used 50309K [0x00000000c0000000, 0x00000000c4300000, 0x00000000eab00000)
  object space 68608K, 73% used [0x00000000c0000000,0x00000000c3121540,0x00000000c4300000)
 Metaspace       used 58838K, committed 59776K, reserved 1105920K
  class space    used 6266K, committed 6720K, reserved 1048576K
}
Event: 7.078 GC heap after
{Heap after GC invocations=41 (full 2):
 PSYoungGen      total 15360K, used 832K [0x00000000eab00000, 0x00000000ebc00000, 0x0000000100000000)
  eden space 14336K, 0% used [0x00000000eab00000,0x00000000eab00000,0x00000000eb900000)
  from space 1024K, 81% used [0x00000000eba00000,0x00000000ebad0020,0x00000000ebb00000)
  to   space 1024K, 0% used [0x00000000ebb00000,0x00000000ebb00000,0x00000000ebc00000)
 ParOldGen       total 68608K, used 50573K [0x00000000c0000000, 0x00000000c4300000, 0x00000000eab00000)
  object space 68608K, 73% used [0x00000000c0000000,0x00000000c3163540,0x00000000c4300000)
 Metaspace       used 58838K, committed 59776K, reserved 1105920K
  class space    used 6266K, committed 6720K, reserved 1048576K
}
Event: 7.091 GC heap before
{Heap before GC invocations=42 (full 2):
 PSYoungGen      total 15360K, used 15168K [0x00000000eab00000, 0x00000000ebc00000, 0x0000000100000000)
  eden space 14336K, 100% used [0x00000000eab00000,0x00000000eb900000,0x00000000eb900000)
  from space 1024K, 81% used [0x00000000eba00000,0x00000000ebad0020,0x00000000ebb00000)
  to   space 1024K, 0% used [0x00000000ebb00000,0x00000000ebb00000,0x00000000ebc00000)
 ParOldGen       total 68608K, used 50573K [0x00000000c0000000, 0x00000000c4300000, 0x00000000eab00000)
  object space 68608K, 73% used [0x00000000c0000000,0x00000000c3163540,0x00000000c4300000)
 Metaspace       used 58856K, committed 59776K, reserved 1105920K
  class space    used 6266K, committed 6720K, reserved 1048576K
}
Event: 7.092 GC heap after
{Heap after GC invocations=42 (full 2):
 PSYoungGen      total 14848K, used 480K [0x00000000eab00000, 0x00000000ebb80000, 0x0000000100000000)
  eden space 14336K, 0% used [0x00000000eab00000,0x00000000eab00000,0x00000000eb900000)
  from space 512K, 93% used [0x00000000ebb00000,0x00000000ebb78020,0x00000000ebb80000)
  to   space 1024K, 0% used [0x00000000eb980000,0x00000000eb980000,0x00000000eba80000)
 ParOldGen       total 68608K, used 51368K [0x00000000c0000000, 0x00000000c4300000, 0x00000000eab00000)
  object space 68608K, 74% used [0x00000000c0000000,0x00000000c322a300,0x00000000c4300000)
 Metaspace       used 58856K, committed 59776K, reserved 1105920K
  class space    used 6266K, committed 6720K, reserved 1048576K
}
Event: 7.101 GC heap before
{Heap before GC invocations=43 (full 2):
 PSYoungGen      total 14848K, used 4728K [0x00000000eab00000, 0x00000000ebb80000, 0x0000000100000000)
  eden space 14336K, 29% used [0x00000000eab00000,0x00000000eaf26128,0x00000000eb900000)
  from space 512K, 93% used [0x00000000ebb00000,0x00000000ebb78020,0x00000000ebb80000)
  to   space 1024K, 0% used [0x00000000eb980000,0x00000000eb980000,0x00000000eba80000)
 ParOldGen       total 68608K, used 51368K [0x00000000c0000000, 0x00000000c4300000, 0x00000000eab00000)
  object space 68608K, 74% used [0x00000000c0000000,0x00000000c322a300,0x00000000c4300000)
 Metaspace       used 58890K, committed 59776K, reserved 1105920K
  class space    used 6267K, committed 6720K, reserved 1048576K
}
Event: 7.102 GC heap after
{Heap after GC invocations=43 (full 2):
 PSYoungGen      total 15360K, used 384K [0x00000000eab00000, 0x00000000ebb80000, 0x0000000100000000)
  eden space 14336K, 0% used [0x00000000eab00000,0x00000000eab00000,0x00000000eb900000)
  from space 1024K, 37% used [0x00000000eb980000,0x00000000eb9e0000,0x00000000eba80000)
  to   space 512K, 0% used [0x00000000ebb00000,0x00000000ebb00000,0x00000000ebb80000)
 ParOldGen       total 68608K, used 51736K [0x00000000c0000000, 0x00000000c4300000, 0x00000000eab00000)
  object space 68608K, 75% used [0x00000000c0000000,0x00000000c3286320,0x00000000c4300000)
 Metaspace       used 58890K, committed 59776K, reserved 1105920K
  class space    used 6267K, committed 6720K, reserved 1048576K
}
Event: 7.102 GC heap before
{Heap before GC invocations=44 (full 3):
 PSYoungGen      total 15360K, used 384K [0x00000000eab00000, 0x00000000ebb80000, 0x0000000100000000)
  eden space 14336K, 0% used [0x00000000eab00000,0x00000000eab00000,0x00000000eb900000)
  from space 1024K, 37% used [0x00000000eb980000,0x00000000eb9e0000,0x00000000eba80000)
  to   space 512K, 0% used [0x00000000ebb00000,0x00000000ebb00000,0x00000000ebb80000)
 ParOldGen       total 68608K, used 51736K [0x00000000c0000000, 0x00000000c4300000, 0x00000000eab00000)
  object space 68608K, 75% used [0x00000000c0000000,0x00000000c3286320,0x00000000c4300000)
 Metaspace       used 58890K, committed 59776K, reserved 1105920K
  class space    used 6267K, committed 6720K, reserved 1048576K
}

